--- Copying files at Fri Oct  8 07:05:37 UTC 2021
--- Copying files at Sat Oct  9 11:00:47 UTC 2021
--- Copying files at Sat Oct  9 11:05:08 UTC 2021
--- Copying files at Mon Oct 11 06:13:15 UTC 2021
--- Copying files at Mon Oct 11 06:14:08 UTC 2021
--- Copying files at Mon Oct 11 06:14:39 UTC 2021
--- Copying files at Tue Oct 12 13:42:28 UTC 2021
--- Copying files at Tue Oct 12 13:43:07 UTC 2021
--- Copying files at Tue Oct 12 14:38:13 UTC 2021
--- Copying files at Tue Oct 12 14:44:32 UTC 2021
--- Copying files at Tue Oct 12 15:01:40 UTC 2021
--- Copying files at Tue Oct 12 15:22:30 UTC 2021
--- Copying files at Tue Oct 12 15:26:35 UTC 2021
--- Copying files at Tue Oct 12 15:42:05 UTC 2021
--- Copying files at Tue Oct 12 17:20:52 UTC 2021
--- Copying files at Tue Oct 12 17:42:08 UTC 2021
--- Copying files at Tue Oct 12 18:10:12 UTC 2021
--- Copying files at Tue Oct 12 18:18:00 UTC 2021
--- Copying files at Tue Oct 12 18:38:32 UTC 2021
--- Copying files at Tue Oct 12 18:42:41 UTC 2021
--- Copying files at Tue Oct 12 18:43:29 UTC 2021
--- Copying files at Tue Oct 12 18:44:57 UTC 2021
--- Copying files at Wed Oct 13 15:34:11 UTC 2021
--- Copying files at Thu Oct 14 12:04:05 UTC 2021
--- Copying files at Tue Oct 19 11:47:24 UTC 2021
--- Copying files at Tue Oct 19 17:44:38 UTC 2021
--- Copying files at Fri Oct 22 10:52:21 UTC 2021
--- Copying files at Mon Oct 25 07:57:39 UTC 2021
--- Copying files at Tue Oct 26 06:10:54 UTC 2021
--- Copying files at Tue Oct 26 06:33:08 UTC 2021
--- Copying files at Wed Oct 27 06:22:30 UTC 2021
--- Copying files at Thu Oct 28 06:28:47 UTC 2021
--- Copying files at Thu Oct 28 09:43:05 UTC 2021
--- Copying files at Thu Oct 28 09:43:30 UTC 2021
--- Copying files at Fri Oct 29 06:26:20 UTC 2021
--- Copying files at Mon Nov  1 07:24:00 UTC 2021
--- Copying files at Wed Nov  3 05:49:26 UTC 2021
--- Copying files at Mon Nov  8 06:35:45 UTC 2021
--- Copying files at Mon Nov  8 08:10:49 UTC 2021
--- Copying files at Mon Nov  8 10:56:24 UTC 2021
--- Copying files at Mon Nov  8 11:00:45 UTC 2021
--- Copying files at Mon Nov  8 11:24:18 UTC 2021
--- Copying files at Mon Nov  8 11:39:47 UTC 2021
--- Copying files at Mon Nov  8 11:40:33 UTC 2021
--- Copying files at Mon Nov  8 11:44:40 UTC 2021
--- Copying files at Mon Nov  8 13:50:58 UTC 2021
--- Copying files at Mon Nov  8 14:02:18 UTC 2021
--- Copying files at Tue Nov  9 11:25:43 UTC 2021
--- Copying files at Tue Nov  9 14:41:33 UTC 2021
--- Copying files at Wed Nov 10 06:57:54 UTC 2021
--- Copying files at Wed Nov 10 13:07:37 UTC 2021
--- Copying files at Thu Nov 11 06:03:25 UTC 2021
--- Copying files at Thu Nov 11 07:10:33 UTC 2021
--- Copying files at Thu Nov 11 11:17:44 UTC 2021
--- Copying files at Thu Nov 11 11:32:20 UTC 2021
--- Copying files at Sat Nov 13 13:53:37 UTC 2021
--- Copying files at Mon Nov 15 06:20:46 UTC 2021
--- Copying files at Wed Nov 17 05:59:59 UTC 2021
--- Copying files at Wed Nov 17 06:19:50 UTC 2021
--- Copying files at Thu Dec  9 13:48:08 UTC 2021
--- Copying files at Mon Dec 13 11:36:54 UTC 2021
--- Copying files at Mon Dec 13 11:43:57 UTC 2021
--- Copying files at Mon Dec 13 13:43:07 UTC 2021
--- Copying files at Mon Dec 13 13:56:13 UTC 2021
--- Copying files at Mon Dec 13 14:44:25 UTC 2021
--- Copying files at Tue Dec 14 14:08:31 UTC 2021
